#
# There is insufficient memory for the Java Runtime Environment to continue.
# Native memory allocation (malloc) failed to allocate 794576 bytes for Chunk::new
# Possible reasons:
#   The system is out of physical RAM or swap space
#   In 32 bit mode, the process size limit was hit
# Possible solutions:
#   Reduce memory load on the system
#   Increase physical memory or swap space
#   Check if swap backing store is full
#   Use 64 bit Java on a 64 bit OS
#   Decrease Java heap size (-Xmx/-Xms)
#   Decrease number of Java threads
#   Decrease Java thread stack sizes (-Xss)
#   Set larger code cache with -XX:ReservedCodeCacheSize=
# This output file may be truncated or incomplete.
#
#  Out of Memory Error (allocation.cpp:390), pid=24116, tid=0x0000000000005ba4
#
# JRE version: Java(TM) SE Runtime Environment (8.0_141-b15) (build 1.8.0_141-b15)
# Java VM: Java HotSpot(TM) 64-Bit Server VM (25.141-b15 mixed mode windows-amd64 compressed oops)
# Failed to write core dump. Minidumps are not enabled by default on client versions of Windows
#

---------------  T H R E A D  ---------------

Current thread (0x0000000014e9e800):  JavaThread "C2 CompilerThread0" daemon [_thread_in_native, id=23460, stack(0x00000000164f0000,0x00000000165f0000)]

Stack: [0x00000000164f0000,0x00000000165f0000]
[error occurred during error reporting (printing stack bounds), id 0xc0000005]

Native frames: (J=compiled Java code, j=interpreted, Vv=VM code, C=native code)


Current CompileTask:
C2:  19709 1712       4       java.net.URLStreamHandler::parseURL (1193 bytes)


---------------  P R O C E S S  ---------------

Java Threads: ( => current thread )
  0x0000000017e4e800 JavaThread "Driver Service Executor" daemon [_thread_blocked, id=31948, stack(0x000000001aaf0000,0x000000001abf0000)]
  0x0000000017e4d800 JavaThread "Driver Service Executor" daemon [_thread_blocked, id=31944, stack(0x000000001a9f0000,0x000000001aaf0000)]
  0x0000000017e4d000 JavaThread "Exec Stream Pumper" daemon [_thread_in_native, id=31816, stack(0x000000001a8f0000,0x000000001a9f0000)]
  0x00000000169c7000 JavaThread "Exec Stream Pumper" daemon [_thread_in_native, id=31812, stack(0x000000001a7f0000,0x000000001a8f0000)]
  0x00000000169c6000 JavaThread "Exec Default Executor" daemon [_thread_in_native, id=5864, stack(0x000000001a6f0000,0x000000001a7f0000)]
  0x0000000016997000 JavaThread "AsyncHttpClient-1-1" daemon [_thread_blocked, id=28128, stack(0x0000000019000000,0x0000000019100000)]
  0x0000000017ae3800 JavaThread "ReaderThread" [_thread_in_native, id=732, stack(0x0000000018a00000,0x0000000018b00000)]
  0x0000000016603800 JavaThread "Service Thread" daemon [_thread_blocked, id=20364, stack(0x0000000016bf0000,0x0000000016cf0000)]
  0x0000000014eed000 JavaThread "C1 CompilerThread2" daemon [_thread_blocked, id=24684, stack(0x0000000016af0000,0x0000000016bf0000)]
  0x0000000014eea000 JavaThread "C2 CompilerThread1" daemon [_thread_blocked, id=8976, stack(0x00000000169f0000,0x0000000016af0000)]
=>0x0000000014e9e800 JavaThread "C2 CompilerThread0" daemon [_thread_in_native, id=23460, stack(0x00000000164f0000,0x00000000165f0000)]
  0x0000000014e9d800 JavaThread "Attach Listener" daemon [_thread_blocked, id=15764, stack(0x00000000163f0000,0x00000000164f0000)]
  0x0000000014e9c000 JavaThread "Signal Dispatcher" daemon [_thread_blocked, id=26196, stack(0x00000000162f0000,0x00000000163f0000)]
  0x0000000014e81800 JavaThread "Finalizer" daemon [_thread_blocked, id=14132, stack(0x00000000160f0000,0x00000000161f0000)]
  0x0000000014e59000 JavaThread "Reference Handler" daemon [_thread_blocked, id=23824, stack(0x0000000015ff0000,0x00000000160f0000)]
  0x00000000028bb800 JavaThread "Forwarding newSession on session null to remote" [_thread_in_vm, id=4900, stack(0x00000000027b0000,0x00000000028b0000)]

Other Threads:
  0x0000000014e57800 VMThread [stack: 0x0000000015ef0000,0x0000000015ff0000] [id=760]
  0x000000001663e000 WatcherThread [stack: 0x0000000016cf0000,0x0000000016df0000] [id=15808]

VM state:not at safepoint (normal execution)

VM Mutex/Monitor currently owned by a thread: None

Heap:
 PSYoungGen      total 22016K, used 4363K [0x00000000ebd00000, 0x00000000ed880000, 0x0000000100000000)
  eden space 15872K, 27% used [0x00000000ebd00000,0x00000000ec142f58,0x00000000ecc80000)
  from space 6144K, 0% used [0x00000000ed280000,0x00000000ed280000,0x00000000ed880000)
  to   space 2560K, 0% used [0x00000000ecc80000,0x00000000ecc80000,0x00000000ecf00000)
 ParOldGen       total 31744K, used 8048K [0x00000000c3600000, 0x00000000c5500000, 0x00000000ebd00000)
  object space 31744K, 25% used [0x00000000c3600000,0x00000000c3ddc3e0,0x00000000c5500000)
 Metaspace       used 20698K, capacity 21638K, committed 21888K, reserved 1069056K
  class space    used 2607K, capacity 2847K, committed 2944K, reserved 1048576K

Card table byte_map: [0x0000000011d70000,0x0000000011f60000] byte_map_base: 0x0000000011755000

Marking Bits: (ParMarkBitMap*) 0x00000000534ad850
 Begin Bits: [0x00000000124b0000, 0x00000000133d8000)
 End Bits:   [0x00000000133d8000, 0x0000000014300000)

Polling page: 0x0000000000ad0000

CodeCache: size=245760Kb used=5925Kb max_used=5937Kb free=239834Kb
 bounds [0x00000000029b0000, 0x0000000002f90000, 0x00000000119b0000]
 total_blobs=2153 nmethods=1703 adapters=363
 compilation: enabled

Compilation events (10 events):
Event: 19.640 Thread 0x0000000014eed000 1716       3       java.lang.invoke.LambdaForm$NamedFunction::member (26 bytes)
Event: 19.640 Thread 0x0000000014eed000 nmethod 1716 0x0000000002aba850 code [0x0000000002aba9a0, 0x0000000002abab10]
Event: 19.640 Thread 0x0000000014eed000 1717       3       java.lang.invoke.InvokerBytecodeGenerator::isStaticallyInvocable (169 bytes)
Event: 19.642 Thread 0x0000000014eed000 nmethod 1717 0x0000000002f7d390 code [0x0000000002f7d800, 0x0000000002f80938]
Event: 19.643 Thread 0x0000000014eed000 1719       3       java.lang.invoke.InvokerBytecodeGenerator::emitPushArguments (24 bytes)
Event: 19.643 Thread 0x0000000014eed000 nmethod 1719 0x0000000002abb5d0 code [0x0000000002abb780, 0x0000000002abbd98]
Event: 19.643 Thread 0x0000000014eed000 1718       3       java.lang.invoke.InvokerBytecodeGenerator::emitPushArguments (7 bytes)
Event: 19.644 Thread 0x0000000014eed000 nmethod 1718 0x0000000002f75690 code [0x0000000002f75840, 0x0000000002f75eb8]
Event: 19.675 Thread 0x0000000014eea000 1720       4       java.nio.DirectLongBufferU::put (18 bytes)
Event: 19.676 Thread 0x0000000014eea000 nmethod 1720 0x0000000002ad3190 code [0x0000000002ad32c0, 0x0000000002ad3358]

GC Heap History (10 events):
Event: 12.560 GC heap before
{Heap before GC invocations=3 (full 0):
 PSYoungGen      total 18432K, used 18430K [0x00000000ebd00000, 0x00000000ed180000, 0x0000000100000000)
  eden space 15872K, 100% used [0x00000000ebd00000,0x00000000ecc80000,0x00000000ecc80000)
  from space 2560K, 99% used [0x00000000ecf00000,0x00000000ed17fa18,0x00000000ed180000)
  to   space 2560K, 0% used [0x00000000ecc80000,0x00000000ecc80000,0x00000000ecf00000)
 ParOldGen       total 42496K, used 3379K [0x00000000c3600000, 0x00000000c5f80000, 0x00000000ebd00000)
  object space 42496K, 7% used [0x00000000c3600000,0x00000000c394ce30,0x00000000c5f80000)
 Metaspace       used 13860K, capacity 14294K, committed 14464K, reserved 1062912K
  class space    used 1694K, capacity 1815K, committed 1920K, reserved 1048576K
Event: 12.565 GC heap after
Heap after GC invocations=3 (full 0):
 PSYoungGen      total 18432K, used 2558K [0x00000000ebd00000, 0x00000000ed180000, 0x0000000100000000)
  eden space 15872K, 0% used [0x00000000ebd00000,0x00000000ebd00000,0x00000000ecc80000)
  from space 2560K, 99% used [0x00000000ecc80000,0x00000000eceffa28,0x00000000ecf00000)
  to   space 2560K, 0% used [0x00000000ecf00000,0x00000000ecf00000,0x00000000ed180000)
 ParOldGen       total 42496K, used 5195K [0x00000000c3600000, 0x00000000c5f80000, 0x00000000ebd00000)
  object space 42496K, 12% used [0x00000000c3600000,0x00000000c3b12fc0,0x00000000c5f80000)
 Metaspace       used 13860K, capacity 14294K, committed 14464K, reserved 1062912K
  class space    used 1694K, capacity 1815K, committed 1920K, reserved 1048576K
}
Event: 16.724 GC heap before
{Heap before GC invocations=4 (full 0):
 PSYoungGen      total 18432K, used 18430K [0x00000000ebd00000, 0x00000000ed180000, 0x0000000100000000)
  eden space 15872K, 100% used [0x00000000ebd00000,0x00000000ecc80000,0x00000000ecc80000)
  from space 2560K, 99% used [0x00000000ecc80000,0x00000000eceffa28,0x00000000ecf00000)
  to   space 2560K, 0% used [0x00000000ecf00000,0x00000000ecf00000,0x00000000ed180000)
 ParOldGen       total 42496K, used 5195K [0x00000000c3600000, 0x00000000c5f80000, 0x00000000ebd00000)
  object space 42496K, 12% used [0x00000000c3600000,0x00000000c3b12fc0,0x00000000c5f80000)
 Metaspace       used 16567K, capacity 17056K, committed 17280K, reserved 1064960K
  class space    used 1999K, capacity 2152K, committed 2176K, reserved 1048576K
Event: 16.743 GC heap after
Heap after GC invocations=4 (full 0):
 PSYoungGen      total 18432K, used 2542K [0x00000000ebd00000, 0x00000000ed180000, 0x0000000100000000)
  eden space 15872K, 0% used [0x00000000ebd00000,0x00000000ebd00000,0x00000000ecc80000)
  from space 2560K, 99% used [0x00000000ecf00000,0x00000000ed17ba18,0x00000000ed180000)
  to   space 2560K, 0% used [0x00000000ecc80000,0x00000000ecc80000,0x00000000ecf00000)
 ParOldGen       total 42496K, used 7800K [0x00000000c3600000, 0x00000000c5f80000, 0x00000000ebd00000)
  object space 42496K, 18% used [0x00000000c3600000,0x00000000c3d9e1e8,0x00000000c5f80000)
 Metaspace       used 16567K, capacity 17056K, committed 17280K, reserved 1064960K
  class space    used 1999K, capacity 2152K, committed 2176K, reserved 1048576K
}
Event: 18.777 GC heap before
{Heap before GC invocations=5 (full 0):
 PSYoungGen      total 18432K, used 18414K [0x00000000ebd00000, 0x00000000ed180000, 0x0000000100000000)
  eden space 15872K, 100% used [0x00000000ebd00000,0x00000000ecc80000,0x00000000ecc80000)
  from space 2560K, 99% used [0x00000000ecf00000,0x00000000ed17ba18,0x00000000ed180000)
  to   space 2560K, 0% used [0x00000000ecc80000,0x00000000ecc80000,0x00000000ecf00000)
 ParOldGen       total 42496K, used 7800K [0x00000000c3600000, 0x00000000c5f80000, 0x00000000ebd00000)
  object space 42496K, 18% used [0x00000000c3600000,0x00000000c3d9e1e8,0x00000000c5f80000)
 Metaspace       used 19112K, capacity 19892K, committed 20096K, reserved 1067008K
  class space    used 2360K, capacity 2564K, committed 2688K, reserved 1048576K
Event: 18.791 GC heap after
Heap after GC invocations=5 (full 0):
 PSYoungGen      total 18432K, used 2558K [0x00000000ebd00000, 0x00000000ed880000, 0x0000000100000000)
  eden space 15872K, 0% used [0x00000000ebd00000,0x00000000ebd00000,0x00000000ecc80000)
  from space 2560K, 99% used [0x00000000ecc80000,0x00000000eceffa18,0x00000000ecf00000)
  to   space 6144K, 0% used [0x00000000ed280000,0x00000000ed280000,0x00000000ed880000)
 ParOldGen       total 42496K, used 10145K [0x00000000c3600000, 0x00000000c5f80000, 0x00000000ebd00000)
  object space 42496K, 23% used [0x00000000c3600000,0x00000000c3fe8700,0x00000000c5f80000)
 Metaspace       used 19112K, capacity 19892K, committed 20096K, reserved 1067008K
  class space    used 2360K, capacity 2564K, committed 2688K, reserved 1048576K
}
Event: 19.189 GC heap before
{Heap before GC invocations=6 (full 0):
 PSYoungGen      total 18432K, used 10472K [0x00000000ebd00000, 0x00000000ed880000, 0x0000000100000000)
  eden space 15872K, 49% used [0x00000000ebd00000,0x00000000ec4ba718,0x00000000ecc80000)
  from space 2560K, 99% used [0x00000000ecc80000,0x00000000eceffa18,0x00000000ecf00000)
  to   space 6144K, 0% used [0x00000000ed280000,0x00000000ed280000,0x00000000ed880000)
 ParOldGen       total 42496K, used 10145K [0x00000000c3600000, 0x00000000c5f80000, 0x00000000ebd00000)
  object space 42496K, 23% used [0x00000000c3600000,0x00000000c3fe8700,0x00000000c5f80000)
 Metaspace       used 20272K, capacity 21180K, committed 21248K, reserved 1067008K
  class space    used 2541K, capacity 2780K, committed 2816K, reserved 1048576K
Event: 19.241 GC heap after
Heap after GC invocations=6 (full 0):
 PSYoungGen      total 22016K, used 3542K [0x00000000ebd00000, 0x00000000ed880000, 0x0000000100000000)
  eden space 15872K, 0% used [0x00000000ebd00000,0x00000000ebd00000,0x00000000ecc80000)
  from space 6144K, 57% used [0x00000000ed280000,0x00000000ed5f5ad0,0x00000000ed880000)
  to   space 2560K, 0% used [0x00000000ecc80000,0x00000000ecc80000,0x00000000ecf00000)
 ParOldGen       total 42496K, used 10153K [0x00000000c3600000, 0x00000000c5f80000, 0x00000000ebd00000)
  object space 42496K, 23% used [0x00000000c3600000,0x00000000c3fea700,0x00000000c5f80000)
 Metaspace       used 20272K, capacity 21180K, committed 21248K, reserved 1067008K
  class space    used 2541K, capacity 2780K, committed 2816K, reserved 1048576K
}
Event: 19.242 GC heap before
{Heap before GC invocations=7 (full 1):
 PSYoungGen      total 22016K, used 3542K [0x00000000ebd00000, 0x00000000ed880000, 0x0000000100000000)
  eden space 15872K, 0% used [0x00000000ebd00000,0x00000000ebd00000,0x00000000ecc80000)
  from space 6144K, 57% used [0x00000000ed280000,0x00000000ed5f5ad0,0x00000000ed880000)
  to   space 2560K, 0% used [0x00000000ecc80000,0x00000000ecc80000,0x00000000ecf00000)
 ParOldGen       total 42496K, used 10153K [0x00000000c3600000, 0x00000000c5f80000, 0x00000000ebd00000)
  object space 42496K, 23% used [0x00000000c3600000,0x00000000c3fea700,0x00000000c5f80000)
 Metaspace       used 20272K, capacity 21180K, committed 21248K, reserved 1067008K
  class space    used 2541K, capacity 2780K, committed 2816K, reserved 1048576K
Event: 19.448 GC heap after
Heap after GC invocations=7 (full 1):
 PSYoungGen      total 22016K, used 0K [0x00000000ebd00000, 0x00000000ed880000, 0x0000000100000000)
  eden space 15872K, 0% used [0x00000000ebd00000,0x00000000ebd00000,0x00000000ecc80000)
  from space 6144K, 0% used [0x00000000ed280000,0x00000000ed280000,0x00000000ed880000)
  to   space 2560K, 0% used [0x00000000ecc80000,0x00000000ecc80000,0x00000000ecf00000)
 ParOldGen       total 31744K, used 8048K [0x00000000c3600000, 0x00000000c5500000, 0x00000000ebd00000)
  object space 31744K, 25% used [0x00000000c3600000,0x00000000c3ddc3e0,0x00000000c5500000)
 Metaspace       used 20272K, capacity 21180K, committed 21248K, reserved 1067008K
  class space    used 2541K, capacity 2780K, committed 2816K, reserved 1048576K
}

Deoptimization events (10 events):
Event: 17.306 Thread 0x00000000028bb800 Uncommon trap: reason=class_check action=maybe_recompile pc=0x0000000002e2ebb4 method=java.util.regex.Pattern$Curly.match(Ljava/util/regex/Matcher;ILjava/lang/CharSequence;)Z @ 19
Event: 17.306 Thread 0x00000000028bb800 Uncommon trap: reason=class_check action=maybe_recompile pc=0x0000000002ec4a44 method=java.util.regex.Matcher.search(I)Z @ 86
Event: 17.306 Thread 0x00000000028bb800 Uncommon trap: reason=class_check action=maybe_recompile pc=0x0000000002ec4a44 method=java.util.regex.Matcher.search(I)Z @ 86
Event: 17.306 Thread 0x00000000028bb800 Uncommon trap: reason=class_check action=maybe_recompile pc=0x0000000002e2ebb4 method=java.util.regex.Pattern$Curly.match(Ljava/util/regex/Matcher;ILjava/lang/CharSequence;)Z @ 19
Event: 17.306 Thread 0x00000000028bb800 Uncommon trap: reason=class_check action=maybe_recompile pc=0x0000000002ec4a44 method=java.util.regex.Matcher.search(I)Z @ 86
Event: 17.306 Thread 0x00000000028bb800 Uncommon trap: reason=class_check action=maybe_recompile pc=0x0000000002e2ebb4 method=java.util.regex.Pattern$Curly.match(Ljava/util/regex/Matcher;ILjava/lang/CharSequence;)Z @ 19
Event: 17.306 Thread 0x00000000028bb800 Uncommon trap: reason=class_check action=maybe_recompile pc=0x0000000002e2ebb4 method=java.util.regex.Pattern$Curly.match(Ljava/util/regex/Matcher;ILjava/lang/CharSequence;)Z @ 19
Event: 17.332 Thread 0x00000000028bb800 Uncommon trap: reason=unstable_if action=reinterpret pc=0x0000000002b56154 method=java.lang.String.replace(CC)Ljava/lang/String; @ 2
Event: 18.703 Thread 0x00000000028bb800 Uncommon trap: reason=unstable_if action=reinterpret pc=0x0000000002e4ff54 method=jdk.internal.org.objectweb.asm.Type.getArgumentsAndReturnSizes(Ljava/lang/String;)I @ 41
Event: 19.116 Thread 0x00000000028bb800 Uncommon trap: reason=unstable_if action=reinterpret pc=0x0000000002e14818 method=java.util.regex.Pattern$BmpCharProperty.match(Ljava/util/regex/Matcher;ILjava/lang/CharSequence;)Z @ 34

Internal exceptions (10 events):
Event: 12.256 Thread 0x00000000028bb800 Exception <a 'java/lang/NoClassDefFoundError': org/apache/logging/log4j/spi/ExtendedLoggerWrapper> (0x00000000ec449678) thrown at [C:\re\workspace\8-2-build-windows-amd64-cygwin\jdk8u141\9370\hotspot\src\share\vm\classfile\systemDictionary.cpp, line 199]
Event: 12.256 Thread 0x00000000028bb800 Exception <a 'java/lang/NoClassDefFoundError'> (0x00000000ec449678) thrown at [C:\re\workspace\8-2-build-windows-amd64-cygwin\jdk8u141\9370\hotspot\src\share\vm\prims\jvm.cpp, line 1394]
Event: 12.294 Thread 0x00000000028bb800 Implicit null exception at 0x0000000002ba7fd6 to 0x0000000002ba8369
Event: 17.175 Thread 0x00000000028bb800 Exception <a 'java/lang/NoSuchMethodError': java.lang.Object.lambda$andFinally$1(Lorg/openqa/selenium/remote/http/HttpHandler;Lorg/openqa/selenium/remote/http/HttpRequest;)Lorg/openqa/selenium/remote/http/HttpResponse;> (0x00000000ec5d7ba8) thrown at [C:\
Event: 17.303 Thread 0x00000000028bb800 Exception <a 'java/lang/IncompatibleClassChangeError': Found class java.lang.Object, but interface was expected> (0x00000000ec7d8460) thrown at [C:\re\workspace\8-2-build-windows-amd64-cygwin\jdk8u141\9370\hotspot\src\share\vm\interpreter\linkResolver.cpp
Event: 17.305 Thread 0x00000000028bb800 Exception <a 'java/lang/NoSuchMethodError': java.lang.Object.lambda$or$2(Ljava/util/function/Predicate;Ljava/lang/Object;)Z> (0x00000000ec7e2400) thrown at [C:\re\workspace\8-2-build-windows-amd64-cygwin\jdk8u141\9370\hotspot\src\share\vm\interpreter\link
Event: 18.665 Thread 0x0000000017e4d800 Exception <a 'java/net/SocketTimeoutException': connect timed out> (0x00000000ec9a5e30) thrown at [C:\re\workspace\8-2-build-windows-amd64-cygwin\jdk8u141\9370\hotspot\src\share\vm\prims\jni.cpp, line 735]
Event: 18.700 Thread 0x00000000028bb800 Exception <a 'java/lang/NoSuchMethodError': java.lang.Object.lambda$andThen$1(Ljava/util/function/Function;Ljava/lang/Object;)Ljava/lang/Object;> (0x00000000eca889e8) thrown at [C:\re\workspace\8-2-build-windows-amd64-cygwin\jdk8u141\9370\hotspot\src\shar
Event: 18.815 Thread 0x00000000028bb800 Exception <a 'java/lang/NoSuchMethodError': java.lang.Object.lambda$chars$0()Ljava/util/Spliterator$OfInt;> (0x00000000ebd28850) thrown at [C:\re\workspace\8-2-build-windows-amd64-cygwin\jdk8u141\9370\hotspot\src\share\vm\interpreter\linkResolver.cpp, lin
Event: 18.951 Thread 0x00000000028bb800 Exception <a 'java/lang/NoSuchMethodError': java.lang.Object.lambda$negate$1(Ljava/lang/Object;)Z> (0x00000000ec0f9b88) thrown at [C:\re\workspace\8-2-build-windows-amd64-cygwin\jdk8u141\9370\hotspot\src\share\vm\interpreter\linkResolver.cpp, line 582]

Events (10 events):
Event: 19.699 loading class io/netty/channel/socket/nio/SelectorProviderUtil
Event: 19.699 loading class io/netty/channel/socket/nio/SelectorProviderUtil done
Event: 19.701 loading class io/netty/channel/VoidChannelPromise
Event: 19.701 loading class io/netty/channel/VoidChannelPromise done
Event: 19.702 loading class io/netty/channel/AbstractChannel$CloseFuture
Event: 19.702 loading class io/netty/channel/AbstractChannel$CloseFuture done
Event: 19.703 loading class io/netty/channel/DefaultChannelPromise
Event: 19.703 loading class io/netty/channel/DefaultChannelPromise done
Event: 19.704 loading class io/netty/channel/ChannelFlushPromiseNotifier$FlushCheckpoint
Event: 19.704 loading class io/netty/channel/ChannelFlushPromiseNotifier$FlushCheckpoint done


Dynamic libraries:
0x00007ff600f30000 - 0x00007ff600f67000 	C:\Program Files\Java\jdk1.8.0_141\bin\javaw.exe
0x00007ff889930000 - 0x00007ff889b44000 	C:\WINDOWS\SYSTEM32\ntdll.dll
0x00007ff887cc0000 - 0x00007ff887d82000 	C:\WINDOWS\System32\KERNEL32.DLL
0x00007ff887020000 - 0x00007ff8873bc000 	C:\WINDOWS\System32\KERNELBASE.dll
0x00007ff8878d0000 - 0x00007ff88797e000 	C:\WINDOWS\System32\ADVAPI32.dll
0x00007ff887b30000 - 0x00007ff887bd7000 	C:\WINDOWS\System32\msvcrt.dll
0x00007ff887740000 - 0x00007ff8877e4000 	C:\WINDOWS\System32\sechost.dll
0x00007ff888970000 - 0x00007ff888a87000 	C:\WINDOWS\System32\RPCRT4.dll
0x00007ff889680000 - 0x00007ff88982b000 	C:\WINDOWS\System32\USER32.dll
0x00007ff8873c0000 - 0x00007ff8873e6000 	C:\WINDOWS\System32\win32u.dll
0x00007ff8884b0000 - 0x00007ff8884d9000 	C:\WINDOWS\System32\GDI32.dll
0x00007ff886de0000 - 0x00007ff886ef3000 	C:\WINDOWS\System32\gdi32full.dll
0x00007ff8874b0000 - 0x00007ff88754a000 	C:\WINDOWS\System32\msvcp_win.dll
0x00007ff886f00000 - 0x00007ff887011000 	C:\WINDOWS\System32\ucrtbase.dll
0x00007ff860aa0000 - 0x00007ff860d2e000 	C:\WINDOWS\WinSxS\amd64_microsoft.windows.common-controls_6595b64144ccf1df_6.0.22621.608_none_a9444ca7c10bb01d\COMCTL32.dll
0x00007ff887980000 - 0x00007ff8879b1000 	C:\WINDOWS\System32\IMM32.DLL
0x0000000053530000 - 0x0000000053602000 	C:\Program Files\Java\jdk1.8.0_141\jre\bin\msvcr100.dll
0x0000000052c90000 - 0x000000005352d000 	C:\Program Files\Java\jdk1.8.0_141\jre\bin\server\jvm.dll
0x00007ff888330000 - 0x00007ff888338000 	C:\WINDOWS\System32\PSAPI.DLL
0x00007ff8588a0000 - 0x00007ff8588a9000 	C:\WINDOWS\SYSTEM32\WSOCK32.dll
0x00007ff888290000 - 0x00007ff888301000 	C:\WINDOWS\System32\WS2_32.dll
0x00007ff87d2f0000 - 0x00007ff87d324000 	C:\WINDOWS\SYSTEM32\WINMM.dll
0x00007ff87c610000 - 0x00007ff87c61a000 	C:\WINDOWS\SYSTEM32\VERSION.dll
0x0000000052c80000 - 0x0000000052c8f000 	C:\Program Files\Java\jdk1.8.0_141\jre\bin\verify.dll
0x0000000052c50000 - 0x0000000052c79000 	C:\Program Files\Java\jdk1.8.0_141\jre\bin\java.dll
0x0000000052c30000 - 0x0000000052c46000 	C:\Program Files\Java\jdk1.8.0_141\jre\bin\zip.dll
0x00007ff888c40000 - 0x00007ff889430000 	C:\WINDOWS\System32\SHELL32.dll
0x00007ff884d80000 - 0x00007ff88564d000 	C:\WINDOWS\SYSTEM32\windows.storage.dll
0x00007ff8885e0000 - 0x00007ff888969000 	C:\WINDOWS\System32\combase.dll
0x00007ff884c40000 - 0x00007ff884d7e000 	C:\WINDOWS\SYSTEM32\wintypes.dll
0x00007ff8884e0000 - 0x00007ff8885d1000 	C:\WINDOWS\System32\SHCORE.dll
0x00007ff889890000 - 0x00007ff8898ee000 	C:\WINDOWS\System32\shlwapi.dll
0x00007ff886ca0000 - 0x00007ff886cc1000 	C:\WINDOWS\SYSTEM32\profapi.dll
0x0000000052c10000 - 0x0000000052c2a000 	C:\Program Files\Java\jdk1.8.0_141\jre\bin\net.dll
0x00007ff886230000 - 0x00007ff886299000 	C:\WINDOWS\system32\mswsock.dll
0x00007ff885910000 - 0x00007ff885a03000 	C:\WINDOWS\SYSTEM32\DNSAPI.dll
0x00007ff8858a0000 - 0x00007ff8858cd000 	C:\WINDOWS\SYSTEM32\IPHLPAPI.DLL
0x00007ff888340000 - 0x00007ff888349000 	C:\WINDOWS\System32\NSI.dll
0x00007ff8691e0000 - 0x00007ff8691ea000 	C:\Windows\System32\rasadhlp.dll
0x00007ff87c0e0000 - 0x00007ff87c163000 	C:\WINDOWS\System32\fwpuclnt.dll
0x00007ff886490000 - 0x00007ff8864ab000 	C:\WINDOWS\SYSTEM32\CRYPTSP.dll
0x00007ff885d30000 - 0x00007ff885d65000 	C:\WINDOWS\system32\rsaenh.dll
0x00007ff886330000 - 0x00007ff886358000 	C:\WINDOWS\SYSTEM32\USERENV.dll
0x00007ff886650000 - 0x00007ff886678000 	C:\WINDOWS\SYSTEM32\bcrypt.dll
0x00007ff887550000 - 0x00007ff8875cb000 	C:\WINDOWS\System32\bcryptprimitives.dll
0x00007ff8864b0000 - 0x00007ff8864bc000 	C:\WINDOWS\SYSTEM32\CRYPTBASE.dll
0x00007ff87ce10000 - 0x00007ff87ce29000 	C:\WINDOWS\SYSTEM32\dhcpcsvc6.DLL
0x00007ff87ca00000 - 0x00007ff87ca1f000 	C:\WINDOWS\SYSTEM32\dhcpcsvc.DLL
0x0000000052bf0000 - 0x0000000052c01000 	C:\Program Files\Java\jdk1.8.0_141\jre\bin\nio.dll
0x00007ff880cb0000 - 0x00007ff880d46000 	C:\WINDOWS\system32\apphelp.dll
0x0000000052bc0000 - 0x0000000052be4000 	C:\Program Files\Java\jdk1.8.0_141\jre\bin\sunec.dll
0x0000000052bb0000 - 0x0000000052bbb000 	C:\Program Files\Java\jdk1.8.0_141\jre\bin\sunmscapi.dll
0x00007ff8875d0000 - 0x00007ff887736000 	C:\WINDOWS\System32\CRYPT32.dll

VM Arguments:
jvm_args: -ea -Dfile.encoding=Cp1252 
java_command: org.testng.remote.RemoteTestNG -serport 64458 -protocol json -d C:\Users\Admin\Desktop\Photon\Photon workspace\BigMaven\test-output C:\Users\Admin\AppData\Local\Temp\testng-eclipse-1060464282\testng-customsuite.xml
java_class_path (initial): C:\Users\Admin\Desktop\Photon\eclipse\configuration\org.eclipse.osgi\999\0\.cp\lib\testng-remote.jar;C:\Program Files\Java\jdk1.8.0_141\jre\lib\resources.jar;C:\Program Files\Java\jdk1.8.0_141\jre\lib\rt.jar;C:\Program Files\Java\jdk1.8.0_141\jre\lib\jsse.jar;C:\Program Files\Java\jdk1.8.0_141\jre\lib\jce.jar;C:\Program Files\Java\jdk1.8.0_141\jre\lib\charsets.jar;C:\Program Files\Java\jdk1.8.0_141\jre\lib\jfr.jar;C:\Program Files\Java\jdk1.8.0_141\jre\lib\ext\access-bridge-64.jar;C:\Program Files\Java\jdk1.8.0_141\jre\lib\ext\cldrdata.jar;C:\Program Files\Java\jdk1.8.0_141\jre\lib\ext\dnsns.jar;C:\Program Files\Java\jdk1.8.0_141\jre\lib\ext\jaccess.jar;C:\Program Files\Java\jdk1.8.0_141\jre\lib\ext\jfxrt.jar;C:\Program Files\Java\jdk1.8.0_141\jre\lib\ext\localedata.jar;C:\Program Files\Java\jdk1.8.0_141\jre\lib\ext\nashorn.jar;C:\Program Files\Java\jdk1.8.0_141\jre\lib\ext\sunec.jar;C:\Program Files\Java\jdk1.8.0_141\jre\lib\ext\sunjce_provider.jar;C:\Program Files\Java\jdk1.8.0_141\jre\lib\ext\sunmscapi.jar;C:\Program Files\Java\jdk1.8.0_141\jre\lib\ext\sunpkcs11.jar;C:\Program Files\Java\jdk1.8.0_141\jre\lib\ext\zipfs.jar;C:\Users\Admin\Desktop\Photon\Photon workspace\BigMaven\target\test-classes;C:\Users\Admin\Desktop\Photon\Photon workspace\BigMaven\target\classes;C:\Users\Admin\Desktop\Photon\eclipse\plugins\org.testng_7.4.0.r202105021533.jar;C:\Users\Admin\Desktop\Photon\eclipse\plugins\com.beust.jcommander_1.78.0.jar;C:\Users\Admin\Desktop\Photon\eclipse\plugins\org.apache-extras.beanshell.bsh_2.0.0.b6.jar;C:\Users\Admin\Desktop\Photon\eclipse\plugins\org.yaml.snakeyaml_1.21.0.jar;C:\Users\Admin\Desktop\Photon\eclipse\plugins\org.webjars.jquery_3.5.1.jar;D:\selenium jar files\Selenium 4.8\selenium-api-4.8.1.jar;D:\selenium jar files\Selenium 4.8\selenium-api-4.8.1-sources.jar;D:\selenium jar files\Selenium 4.8\selenium-chrome-driver-4.8.1.jar;D:\selenium jar files\Selenium 4.8\selenium-chrome-driver-4.8.1-sources.jar;D:\selenium 
Launcher Type: SUN_STANDARD

Environment Variables:
JAVA_HOME=C:\Program Files\Java\jdk-11.0.17
PATH=C:/Program Files/Java/jdk-11.0.17/bin/server;C:/Program Files/Java/jdk-11.0.17/bin;C:\Program Files\Java\jdk-11.0.17\bin;C:\Program Files\Git\bin;C:\Users\Admin\Desktop\Photon\apache-maven-3.9.0\bin;C:\WINDOWS;C:\WINDOWS\System32\Wbem;C:\WINDOWS\System32\WindowsPowerShell\v1.0\;C:\WINDOWS\System32\OpenSSH\;C:\Program Files\PuTTY\;C:\Program Files (x86)\Microsoft SQL Server\160\DTS\Binn\;C:\Program Files\Azure Data Studio\bin;;C:\WINDOWS\system32;C:\Users\Admin\AppData\Local\Microsoft\WindowsApps;;C:\Program Files\Azure Data Studio\bin;C:\Users\Admin\Desktop\Photon\eclipse;
USERNAME=Admin
OS=Windows_NT
PROCESSOR_IDENTIFIER=Intel64 Family 6 Model 126 Stepping 5, GenuineIntel



---------------  S Y S T E M  ---------------

OS: Windows 10.0 , 64 bit Build 22621 (10.0.22621.1485)

CPU:total 4 (initial active 4) (2 cores per cpu, 2 threads per core) family 6 model 126 stepping 5, cmov, cx8, fxsr, mmx, sse, sse2, sse3, ssse3, sse4.1, sse4.2, popcnt, avx, avx2, aes, clmul, erms, 3dnowpref, lzcnt, ht, tsc, tscinvbit, bmi1, bmi2, adx

Memory: 4k page, physical 3970864k(51068k free), swap 16029488k(4240k free)

vm_info: Java HotSpot(TM) 64-Bit Server VM (25.141-b15) for windows-amd64 JRE (1.8.0_141-b15), built on Jul 12 2017 04:25:12 by "java_re" with MS VC++ 10.0 (VS2010)

time: Wed Apr 26 19:41:17 2023
elapsed time: 19 seconds (0d 0h 0m 19s)

